<!DOCTYPE html PUBLIC "-//W3C//DTD XHTML 1.1//EN" "http://www.w3.org/TR/xhtml11/DTD/xhtml11.dtd">
<<<<<<< Updated upstream
<html xmlns="http://www.w3.org/1999/xhtml"><head><title>TestNG Report</title><style type="text/css">table {margin-bottom:10px;border-collapse:collapse;empty-cells:show}th,td {border:1px solid #009;padding:.25em .5em}th {vertical-align:bottom}td {vertical-align:top}table a {font-weight:bold}.stripe td {background-color: #E6EBF9}.num {text-align:right}.passedodd td {background-color: #3F3}.passedeven td {background-color: #0A0}.skippedodd td {background-color: #DDD}.skippedeven td {background-color: #CCC}.failedodd td,.attn {background-color: #F33}.failedeven td,.stripe .attn {background-color: #D00}.stacktrace {white-space:pre;font-family:monospace}.totop {font-size:85%;text-align:center;border-bottom:2px solid #000}</style></head><body><table><tr><th>Test</th><th># Passed</th><th># Skipped</th><th># Failed</th><th>Time (ms)</th><th>Included Groups</th><th>Excluded Groups</th></tr><tr><th colspan="7">Default suite</th></tr><tr><td><a href="#t0">Default test</a></td><td class="num">11</td><td class="num">0</td><td class="num">0</td><td class="num">447,927</td><td></td><td></td></tr></table><table><thead><tr><th>Class</th><th>Method</th><th>Start</th><th>Time (ms)</th></tr></thead><tbody><tr><th colspan="4">Default suite</th></tr></tbody><tbody id="t0"><tr><th colspan="4">Default test &#8212; passed</th></tr><tr class="passedeven"><td rowspan="11">crm.Management</td><td><a href="#m0">test1</a></td><td rowspan="1">1414750762994</td><td rowspan="1">10595</td></tr><tr class="passedeven"><td><a href="#m1">test2</a></td><td rowspan="1">1414750792809</td><td rowspan="1">21624</td></tr><tr class="passedeven"><td><a href="#m2">test3</a></td><td rowspan="1">1414750829868</td><td rowspan="1">39787</td></tr><tr class="passedeven"><td><a href="#m3">test4</a></td><td rowspan="1">1414750885369</td><td rowspan="1">24666</td></tr><tr class="passedeven"><td><a href="#m4">test5</a></td><td rowspan="1">1414750926221</td><td rowspan="1">31667</td></tr><tr class="passedeven"><td><a href="#m5">test6</a></td><td rowspan="1">1414750974206</td><td rowspan="1">31748</td></tr><tr class="passedeven"><td><a href="#m6">test7</a></td><td rowspan="1">1414751022127</td><td rowspan="1">22759</td></tr><tr class="passedeven"><td><a href="#m7">test8</a></td><td rowspan="1">1414751061080</td><td rowspan="1">27032</td></tr><tr class="passedeven"><td><a href="#m8">test9</a></td><td rowspan="1">1414751104063</td><td rowspan="1">23306</td></tr><tr class="passedeven"><td><a href="#m9">testLeads</a></td><td rowspan="1">1414751142791</td><td rowspan="1">6861</td></tr><tr class="passedeven"><td><a href="#m10">testPassword</a></td><td rowspan="1">1414751165360</td><td rowspan="1">17969</td></tr></tbody></table><h2>Default test</h2><h3 id="m0">crm.Management#test1</h3><table class="result"></table><p class="totop"><a href="#summary">back to summary</a></p><h3 id="m1">crm.Management#test2</h3><table class="result"></table><p class="totop"><a href="#summary">back to summary</a></p><h3 id="m2">crm.Management#test3</h3><table class="result"></table><p class="totop"><a href="#summary">back to summary</a></p><h3 id="m3">crm.Management#test4</h3><table class="result"></table><p class="totop"><a href="#summary">back to summary</a></p><h3 id="m4">crm.Management#test5</h3><table class="result"></table><p class="totop"><a href="#summary">back to summary</a></p><h3 id="m5">crm.Management#test6</h3><table class="result"></table><p class="totop"><a href="#summary">back to summary</a></p><h3 id="m6">crm.Management#test7</h3><table class="result"></table><p class="totop"><a href="#summary">back to summary</a></p><h3 id="m7">crm.Management#test8</h3><table class="result"></table><p class="totop"><a href="#summary">back to summary</a></p><h3 id="m8">crm.Management#test9</h3><table class="result"></table><p class="totop"><a href="#summary">back to summary</a></p><h3 id="m9">crm.Management#testLeads</h3><table class="result"></table><p class="totop"><a href="#summary">back to summary</a></p><h3 id="m10">crm.Management#testPassword</h3><table class="result"></table><p class="totop"><a href="#summary">back to summary</a></p></body></html>
=======
<html xmlns="http://www.w3.org/1999/xhtml"><head><title>TestNG Report</title><style type="text/css">table {margin-bottom:10px;border-collapse:collapse;empty-cells:show}th,td {border:1px solid #009;padding:.25em .5em}th {vertical-align:bottom}td {vertical-align:top}table a {font-weight:bold}.stripe td {background-color: #E6EBF9}.num {text-align:right}.passedodd td {background-color: #3F3}.passedeven td {background-color: #0A0}.skippedodd td {background-color: #DDD}.skippedeven td {background-color: #CCC}.failedodd td,.attn {background-color: #F33}.failedeven td,.stripe .attn {background-color: #D00}.stacktrace {white-space:pre;font-family:monospace}.totop {font-size:85%;text-align:center;border-bottom:2px solid #000}</style></head><body><table><tr><th>Test</th><th># Passed</th><th># Skipped</th><th># Failed</th><th>Time (ms)</th><th>Included Groups</th><th>Excluded Groups</th></tr><tr><th colspan="7">Default suite</th></tr><tr><td><a href="#t0">Default test</a></td><td class="num">0</td><td class="num attn">1</td><td class="num attn">2</td><td class="num">111,497</td><td></td><td></td></tr></table><table><thead><tr><th>Class</th><th>Method</th><th>Start</th><th>Time (ms)</th></tr></thead><tbody><tr><th colspan="4">Default suite</th></tr></tbody><tbody id="t0"><tr><th colspan="4">Default test &#8212; failed (configuration methods)</th></tr><tr class="failedeven"><td rowspan="1">crm.BDE</td><td><a href="#m0">beforeMethod</a></td><td rowspan="1">1414766858730</td><td rowspan="1">0</td></tr><tr><th colspan="4">Default test &#8212; failed</th></tr><tr class="failedeven"><td rowspan="2">crm.BDE</td><td><a href="#m1">todaysFollowup4</a></td><td rowspan="1">1414766797954</td><td rowspan="1">19852</td></tr><tr class="failedeven"><td><a href="#m2">workPhaseForLaterDate</a></td><td rowspan="1">1414766842558</td><td rowspan="1">16167</td></tr><tr><th colspan="4">Default test &#8212; skipped (configuration methods)</th></tr><tr class="skippedeven"><td rowspan="1">crm.BDE</td><td><a href="#m3">afterMethod</a></td><td rowspan="1">1414766875429</td><td rowspan="1">0</td></tr><tr><th colspan="4">Default test &#8212; skipped</th></tr><tr class="skippedeven"><td rowspan="1">crm.BDE</td><td><a href="#m4">workPhaseForTodaysDate</a></td><td rowspan="1">1414766875425</td><td rowspan="1">2</td></tr></tbody></table><h2>Default test</h2><h3 id="m0">crm.BDE#beforeMethod</h3><table class="result"><tr><th>Exception</th></tr><tr><td><div class="stacktrace">org.openqa.selenium.NoSuchWindowException: Window not found. The browser window may have been closed.
Command duration or timeout: 410 milliseconds
Build info: version: &apos;2.43.0&apos;, revision: &apos;597b76b&apos;, time: &apos;2014-09-09 20:52:14&apos;
System info: host: &apos;priyas&apos;, ip: &apos;192.168.1.137&apos;, os.name: &apos;Windows 7&apos;, os.arch: &apos;x86&apos;, os.version: &apos;6.1&apos;, java.version: &apos;1.7.0_65&apos;
Session ID: 181022cd-b226-4cf9-977f-196589265248
Driver info: org.openqa.selenium.firefox.FirefoxDriver
Capabilities [{platform=WINDOWS, databaseEnabled=true, cssSelectorsEnabled=true, javascriptEnabled=true, acceptSslCerts=true, handlesAlerts=true, browserName=firefox, webStorageEnabled=true, nativeEvents=true, rotatable=false, locationContextEnabled=true, applicationCacheEnabled=true, takesScreenshot=true, version=32.0.3}]
	at sun.reflect.NativeConstructorAccessorImpl.newInstance0(Native Method)
	at sun.reflect.NativeConstructorAccessorImpl.newInstance(Unknown Source)
	at sun.reflect.DelegatingConstructorAccessorImpl.newInstance(Unknown Source)
	at java.lang.reflect.Constructor.newInstance(Unknown Source)
	at org.openqa.selenium.remote.ErrorHandler.createThrowable(ErrorHandler.java:204)
	at org.openqa.selenium.remote.ErrorHandler.throwIfResponseFailed(ErrorHandler.java:156)
	at org.openqa.selenium.remote.RemoteWebDriver.execute(RemoteWebDriver.java:599)
	at org.openqa.selenium.remote.RemoteWebDriver$RemoteWebDriverOptions$RemoteWindow.maximize(RemoteWebDriver.java:829)
	at testUtils.Helper.maxbrowser(Helper.java:48)
	at crm.BDE.beforeMethod(BDE.java:220)
	at sun.reflect.NativeMethodAccessorImpl.invoke0(Native Method)
	at sun.reflect.NativeMethodAccessorImpl.invoke(Unknown Source)
	at sun.reflect.DelegatingMethodAccessorImpl.invoke(Unknown Source)
	at java.lang.reflect.Method.invoke(Unknown Source)
	at org.testng.internal.MethodInvocationHelper.invokeMethod(MethodInvocationHelper.java:84)
	at org.testng.internal.Invoker.invokeConfigurationMethod(Invoker.java:564)
	at org.testng.internal.Invoker.invokeConfigurations(Invoker.java:213)
	at org.testng.internal.Invoker.invokeMethod(Invoker.java:653)
	at org.testng.internal.Invoker.invokeTestMethod(Invoker.java:901)
	at org.testng.internal.Invoker.invokeTestMethods(Invoker.java:1231)
	at org.testng.internal.TestMethodWorker.invokeTestMethods(TestMethodWorker.java:127)
	at org.testng.internal.TestMethodWorker.run(TestMethodWorker.java:111)
	at org.testng.TestRunner.privateRun(TestRunner.java:767)
	at org.testng.TestRunner.run(TestRunner.java:617)
	at org.testng.SuiteRunner.runTest(SuiteRunner.java:334)
	at org.testng.SuiteRunner.runSequentially(SuiteRunner.java:329)
	at org.testng.SuiteRunner.privateRun(SuiteRunner.java:291)
	at org.testng.SuiteRunner.run(SuiteRunner.java:240)
	at org.testng.SuiteRunnerWorker.runSuite(SuiteRunnerWorker.java:52)
	at org.testng.SuiteRunnerWorker.run(SuiteRunnerWorker.java:86)
	at org.testng.TestNG.runSuitesSequentially(TestNG.java:1224)
	at org.testng.TestNG.runSuitesLocally(TestNG.java:1149)
	at org.testng.TestNG.run(TestNG.java:1057)
	at org.testng.remote.RemoteTestNG.run(RemoteTestNG.java:111)
	at org.testng.remote.RemoteTestNG.initAndRun(RemoteTestNG.java:204)
	at org.testng.remote.RemoteTestNG.main(RemoteTestNG.java:175)
Caused by: org.openqa.selenium.NoSuchWindowException: Window not found. The browser window may have been closed.
Build info: version: &apos;2.43.0&apos;, revision: &apos;597b76b&apos;, time: &apos;2014-09-09 20:52:14&apos;
System info: host: &apos;priyas&apos;, ip: &apos;192.168.1.137&apos;, os.name: &apos;Windows 7&apos;, os.arch: &apos;x86&apos;, os.version: &apos;6.1&apos;, java.version: &apos;1.7.0_65&apos;
Driver info: driver.version: unknown
	at &lt;anonymous class&gt;.nsCommandProcessor.prototype.execute(file:///C:/Users/Admin/AppData/Local/Temp/anonymous7135370870054993208webdriver-profile/extensions/fxdriver@googlecode.com/components/command-processor.js:11683:11)
	at &lt;anonymous class&gt;.Dispatcher.executeAs/&lt;(file:///C:/Users/Admin/AppData/Local/Temp/anonymous7135370870054993208webdriver-profile/extensions/fxdriver@googlecode.com/components/driver-component.js:8430:5)
	at &lt;anonymous class&gt;.Resource.prototype.handle(file:///C:/Users/Admin/AppData/Local/Temp/anonymous7135370870054993208webdriver-profile/extensions/fxdriver@googlecode.com/components/driver-component.js:8577:194)
	at &lt;anonymous class&gt;.Dispatcher.prototype.dispatch(file:///C:/Users/Admin/AppData/Local/Temp/anonymous7135370870054993208webdriver-profile/extensions/fxdriver@googlecode.com/components/driver-component.js:8524:36)
	at &lt;anonymous class&gt;.WebDriverServer/&lt;.handle(file:///C:/Users/Admin/AppData/Local/Temp/anonymous7135370870054993208webdriver-profile/extensions/fxdriver@googlecode.com/components/driver-component.js:11466:5)
	at &lt;anonymous class&gt;.createHandlerFunc/&lt;(file:///C:/Users/Admin/AppData/Local/Temp/anonymous7135370870054993208webdriver-profile/extensions/fxdriver@googlecode.com/components/httpd.js:1935:41)
	at &lt;anonymous class&gt;.ServerHandler.prototype.handleResponse(file:///C:/Users/Admin/AppData/Local/Temp/anonymous7135370870054993208webdriver-profile/extensions/fxdriver@googlecode.com/components/httpd.js:2261:15)
	at &lt;anonymous class&gt;.Connection.prototype.process(file:///C:/Users/Admin/AppData/Local/Temp/anonymous7135370870054993208webdriver-profile/extensions/fxdriver@googlecode.com/components/httpd.js:1168:5)
	at &lt;anonymous class&gt;.RequestReader.prototype._handleResponse(file:///C:/Users/Admin/AppData/Local/Temp/anonymous7135370870054993208webdriver-profile/extensions/fxdriver@googlecode.com/components/httpd.js:1616:5)
	at &lt;anonymous class&gt;.RequestReader.prototype._processBody(file:///C:/Users/Admin/AppData/Local/Temp/anonymous7135370870054993208webdriver-profile/extensions/fxdriver@googlecode.com/components/httpd.js:1464:9)
	at &lt;anonymous class&gt;.RequestReader.prototype.onInputStreamReady(file:///C:/Users/Admin/AppData/Local/Temp/anonymous7135370870054993208webdriver-profile/extensions/fxdriver@googlecode.com/components/httpd.js:1333:9)
</div></td></tr></table><p class="totop"><a href="#summary">back to summary</a></p><h3 id="m1">crm.BDE#todaysFollowup4</h3><table class="result"><tr><th>Exception</th></tr><tr><td><div class="stacktrace">java.lang.AssertionError: Table field is Empty...
	at org.testng.Assert.fail(Assert.java:94)
	at crm.BDE.particularLeadSelection(BDE.java:59)
	at crm.BDE.todaysFollowup4(BDE.java:419)
	at sun.reflect.NativeMethodAccessorImpl.invoke0(Native Method)
	at sun.reflect.NativeMethodAccessorImpl.invoke(Unknown Source)
	at sun.reflect.DelegatingMethodAccessorImpl.invoke(Unknown Source)
	at java.lang.reflect.Method.invoke(Unknown Source)
	at org.testng.internal.MethodInvocationHelper.invokeMethod(MethodInvocationHelper.java:84)
	at org.testng.internal.Invoker.invokeMethod(Invoker.java:714)
	at org.testng.internal.Invoker.invokeTestMethod(Invoker.java:901)
	at org.testng.internal.Invoker.invokeTestMethods(Invoker.java:1231)
	at org.testng.internal.TestMethodWorker.invokeTestMethods(TestMethodWorker.java:127)
	at org.testng.internal.TestMethodWorker.run(TestMethodWorker.java:111)
	at org.testng.TestRunner.privateRun(TestRunner.java:767)
	at org.testng.TestRunner.run(TestRunner.java:617)
	at org.testng.SuiteRunner.runTest(SuiteRunner.java:334)
	at org.testng.SuiteRunner.runSequentially(SuiteRunner.java:329)
	at org.testng.SuiteRunner.privateRun(SuiteRunner.java:291)
	at org.testng.SuiteRunner.run(SuiteRunner.java:240)
	at org.testng.SuiteRunnerWorker.runSuite(SuiteRunnerWorker.java:52)
	at org.testng.SuiteRunnerWorker.run(SuiteRunnerWorker.java:86)
	at org.testng.TestNG.runSuitesSequentially(TestNG.java:1224)
	at org.testng.TestNG.runSuitesLocally(TestNG.java:1149)
	at org.testng.TestNG.run(TestNG.java:1057)
	at org.testng.remote.RemoteTestNG.run(RemoteTestNG.java:111)
	at org.testng.remote.RemoteTestNG.initAndRun(RemoteTestNG.java:204)
	at org.testng.remote.RemoteTestNG.main(RemoteTestNG.java:175)
</div></td></tr></table><p class="totop"><a href="#summary">back to summary</a></p><h3 id="m2">crm.BDE#workPhaseForLaterDate</h3><table class="result"><tr><th>Exception</th></tr><tr><td><div class="stacktrace">java.lang.AssertionError: The size table field is Empty... 
	at org.testng.Assert.fail(Assert.java:94)
	at crm.BDE.randomLeadSelection(BDE.java:98)
	at crm.BDE.workPhaseForLaterDate(BDE.java:379)
	at sun.reflect.NativeMethodAccessorImpl.invoke0(Native Method)
	at sun.reflect.NativeMethodAccessorImpl.invoke(Unknown Source)
	at sun.reflect.DelegatingMethodAccessorImpl.invoke(Unknown Source)
	at java.lang.reflect.Method.invoke(Unknown Source)
	at org.testng.internal.MethodInvocationHelper.invokeMethod(MethodInvocationHelper.java:84)
	at org.testng.internal.Invoker.invokeMethod(Invoker.java:714)
	at org.testng.internal.Invoker.invokeTestMethod(Invoker.java:901)
	at org.testng.internal.Invoker.invokeTestMethods(Invoker.java:1231)
	at org.testng.internal.TestMethodWorker.invokeTestMethods(TestMethodWorker.java:127)
	at org.testng.internal.TestMethodWorker.run(TestMethodWorker.java:111)
	at org.testng.TestRunner.privateRun(TestRunner.java:767)
	at org.testng.TestRunner.run(TestRunner.java:617)
	at org.testng.SuiteRunner.runTest(SuiteRunner.java:334)
	at org.testng.SuiteRunner.runSequentially(SuiteRunner.java:329)
	at org.testng.SuiteRunner.privateRun(SuiteRunner.java:291)
	at org.testng.SuiteRunner.run(SuiteRunner.java:240)
	at org.testng.SuiteRunnerWorker.runSuite(SuiteRunnerWorker.java:52)
	at org.testng.SuiteRunnerWorker.run(SuiteRunnerWorker.java:86)
	at org.testng.TestNG.runSuitesSequentially(TestNG.java:1224)
	at org.testng.TestNG.runSuitesLocally(TestNG.java:1149)
	at org.testng.TestNG.run(TestNG.java:1057)
	at org.testng.remote.RemoteTestNG.run(RemoteTestNG.java:111)
	at org.testng.remote.RemoteTestNG.initAndRun(RemoteTestNG.java:204)
	at org.testng.remote.RemoteTestNG.main(RemoteTestNG.java:175)
</div></td></tr></table><p class="totop"><a href="#summary">back to summary</a></p><h3 id="m3">crm.BDE#afterMethod</h3><table class="result"></table><p class="totop"><a href="#summary">back to summary</a></p><h3 id="m4">crm.BDE#workPhaseForTodaysDate</h3><table class="result"></table><p class="totop"><a href="#summary">back to summary</a></p></body></html>
>>>>>>> Stashed changes
