<html>
<head>
<title>TestNG:  Default test</title>
<link href="../testng.css" rel="stylesheet" type="text/css" />
<link href="../my-testng.css" rel="stylesheet" type="text/css" />

<style type="text/css">
.log { display: none;} 
.stack-trace { display: none;} 
</style>
<script type="text/javascript">
<!--
function flip(e) {
  current = e.style.display;
  if (current == 'block') {
    e.style.display = 'none';
    return 0;
  }
  else {
    e.style.display = 'block';
    return 1;
  }
}

function toggleBox(szDivId, elem, msg1, msg2)
{
  var res = -1;  if (document.getElementById) {
    res = flip(document.getElementById(szDivId));
  }
  else if (document.all) {
    // this is the way old msie versions work
    res = flip(document.all[szDivId]);
  }
  if(elem) {
    if(res == 0) elem.innerHTML = msg1; else elem.innerHTML = msg2;
  }

}

function toggleAllBoxes() {
  if (document.getElementsByTagName) {
    d = document.getElementsByTagName('div');
    for (i = 0; i < d.length; i++) {
      if (d[i].className == 'log') {
        flip(d[i]);
      }
    }
  }
}

// -->
</script>

</head>
<body>
<h2 align='center'>Default test</h2><table border='1' align="center">
<tr>
<<<<<<< Updated upstream
<td>Tests passed/Failed/Skipped:</td><td>4/0/0</td>
</tr><tr>
<td>Started on:</td><td>Wed Nov 05 19:59:54 IST 2014</td>
</tr>
<tr><td>Total time:</td><td>384 seconds (384660 ms)</td>
=======
<td>Tests passed/Failed/Skipped:</td><td>0/1/0</td>
</tr><tr>
<td>Started on:</td><td>Wed Nov 05 18:07:46 IST 2014</td>
</tr>
<tr><td>Total time:</td><td>53 seconds (53815 ms)</td>
>>>>>>> Stashed changes
</tr><tr>
<td>Included groups:</td><td></td>
</tr><tr>
<td>Excluded groups:</td><td></td>
</tr>
</table><p/>
<small><i>(Hover the method name to see the test class name)</i></small><p/>
<<<<<<< Updated upstream
<table width='100%' border='1' class='invocation-passed'>
<tr><td colspan='4' align='center'><b>PASSED TESTS</b></td></tr>
=======
<table width='100%' border='1' class='invocation-failed'>
<tr><td colspan='4' align='center'><b>FAILED TESTS</b></td></tr>
>>>>>>> Stashed changes
<tr><td><b>Test method</b></td>
<td width="30%"><b>Exception</b></td>
<td width="10%"><b>Time (seconds)</b></td>
<td><b>Instance</b></td>
</tr>
<<<<<<< Updated upstream
<tr>
<td title='src.crm.Researcher.f1()'><b>f1</b><br>Test class: src.crm.Researcher<br/>
<a href="#Output-30553794" onClick='toggleBox("Output-30553794", this, "Show output", "Hide output");'>Show output</a>

<a href="#Output-30553794" onClick="toggleAllBoxes();">Show all outputs</a>
<div class='log' id="Output-30553794">
<p>===========Leads Upload=========<br/>
<p>Number Elements in List1 : 6<br/>
<p>User Logged in as:Hi ! Researcher<br/>
<p>Please Provide Valid Excel File....!<br/>
<p>Please Provide Valid Excel File....!<br/>
</div>
</td>
<td></td>
<td>54</td>
<td>src.crm.Researcher@18ab963</td></tr>
<tr>
<td title='src.crm.Researcher.f2()'><b>f2</b><br>Test class: src.crm.Researcher<br/>
<a href="#Output-16569993" onClick='toggleBox("Output-16569993", this, "Show output", "Hide output");'>Show output</a>

<a href="#Output-16569993" onClick="toggleAllBoxes();">Show all outputs</a>
<div class='log' id="Output-16569993">
<p>===========Leads Upload1=========<br/>
<p>Number Elements in List1 : 6<br/>
<p>User Logged in as:Hi ! Researcher<br/>
<p>Waiting timed out element not foundBy.className: error_msg<br/>
<p>Excel File Uploaded and Leads Saved Successfully....!<br/>
</div>
</td>
<td></td>
<td>94</td>
<td>src.crm.Researcher@18ab963</td></tr>
<tr>
<td title='src.crm.Researcher.f3()'><b>f3</b><br>Test class: src.crm.Researcher<br/>
<a href="#Output-13150556" onClick='toggleBox("Output-13150556", this, "Show output", "Hide output");'>Show output</a>

<a href="#Output-13150556" onClick="toggleAllBoxes();">Show all outputs</a>
<div class='log' id="Output-13150556">
<p>=================search leads=================<br/>
<p>=================Expanding tree menu=================<br/>
<p>The reqiured field:Last Name<br/>
<p>Size of Filter option categories:7<br/>
<p>Filter Option Selected:Choose Company<br/>
<p>No.of options in Choose Company List:382<br/>
<p>Option selected is:Camimbo<br/>
<p>1 Hicks
2 Bailey
3 Cole
4 Stevens
5 Snyder
6 Burton
7 Mccoy<br/>
<p>Filter Option Selected:Choose Country<br/>
<p>No.of options in Choose Country List:118<br/>
<p>Option selected is:Belgium<br/>
<p>1 Palmer
2 Young
3 Burns
4 Wheeler
5 Stevens
6 Ferguson
7 Arnold
8 Bishop
9 Pierce
10 Howard<br/>
<p>Filter Option Selected:Choose City<br/>
<p>No.of options in Choose City List:1854<br/>
<p>Option selected is:Magaria<br/>
<p>1 Fields<br/>
<p>Filter Option Selected:Choose Domain<br/>
<p>No.of options in Choose Domain List:22<br/>
<p>Option selected is:Domain G<br/>
<p>1 euvri
2 Wood
3 Torres
4 Washington
5 Rogers
6 Cook
7 Coleman
8 Schmidt
9 Willis
10 Rodriguez<br/>
<p>Filter Option Selected:Choose Campaign<br/>
<p>No.of options in Choose Campaign List:41<br/>
<p>Option selected is:Check ALL<br/>
<p>1 Vasquez
2 Davis
3 Bowman
4 Strauss
5 Lee
6 mehatha
7 tulugu
8 euvri
9 Mitchell
10 Marshall<br/>
<p>Filter Option Selected:Choose Service<br/>
<p>No.of options in Choose Service List:11<br/>
<p>Option selected is:special officer<br/>
<p>1 tulugu
2 euvri<br/>
<p>Filter Option Selected:Choose Status<br/>
<p>No.of options in Choose Status List:6<br/>
<p>Option selected is:Pre Qualified<br/>
<p>1 Vasquez
2 Davis
3 Bowman
4 Strauss
5 Lee
6 mehatha
7 tulugu
8 euvri
9 Mitchell
10 Marshall<br/>
</div>
</td>
<td></td>
<td>94</td>
<td>src.crm.Researcher@18ab963</td></tr>
<tr>
<td title='src.crm.Researcher.f5()'><b>f5</b><br>Test class: src.crm.Researcher<br/>
<a href="#Output-26783891" onClick='toggleBox("Output-26783891", this, "Show output", "Hide output");'>Show output</a>

<a href="#Output-26783891" onClick="toggleAllBoxes();">Show all outputs</a>
<div class='log' id="Output-26783891">
<p>Number Elements in List1 : 12<br/>
<p>old password is:password<br/>
<p>Successfully canceled the change password page<br/>
<p>Old password container is avilable<br/>
<p>password<br/>
<p>*************************<br/>
<p>*************************<br/>
<p>New password container is avilable<br/>
<p>123<br/>
<p>*************************<br/>
<p>*************************<br/>
<p>Confirm password container is avilable<br/>
<p>sai<br/>
<p>*************************<br/>
<p>*************************<br/>
<p>Old password container is avilable<br/>
<p>123<br/>
<p>*************************<br/>
<p>*************************<br/>
<p>New password container is avilable<br/>
<p>123<br/>
<p>*************************<br/>
<p>*************************<br/>
<p>Confirm password container is avilable<br/>
<p>123<br/>
<p>*************************<br/>
<p>*************************<br/>
<p>Old password container is avilable<br/>
<p>password<br/>
<p>*************************<br/>
<p>*************************<br/>
<p>New password container is avilable<br/>
<p>password<br/>
<p>*************************<br/>
<p>*************************<br/>
<p>Confirm password container is avilable<br/>
<p>password<br/>
<p>*************************<br/>
<p>*************************<br/>
<p>changed password000<br/>
<p>old password is:password<br/>
<p>Number Elements in List1 : 12<br/>
<p>changed password000<br/>
<p>old password is:password<br/>
<p>Number Elements in List1 : 12<br/>
</div>
</td>
<td></td>
<td>72</td>
<td>src.crm.Researcher@18ab963</td></tr>
=======
<tr>
<td title='src.crm.Smoke.cagement()'><b>cagement</b><br>Test class: src.crm.Smoke<br/>
<a href="#Output-18225869" onClick='toggleBox("Output-18225869", this, "Show output", "Hide output");'>Show output</a>

<a href="#Output-18225869" onClick="toggleAllBoxes();">Show all outputs</a>
<div class='log' id="Output-18225869">
<p>old password is:password<br/>
<p>New password container is avilable<br/>
<p>Confirm password container is avilable<br/>
<p>New password container is avilable<br/>
<p>Confirm password container is avilable<br/>
<p>New password container is avilable<br/>
<p>Confirm password container is avilable<br/>
</div>
</td>
<td><div><pre>org.openqa.selenium.NoSuchElementException: Unable to locate element: {&quot;method&quot;:&quot;id&quot;,&quot;selector&quot;:&quot;tree_menu&quot;}
Command duration or timeout: 12 milliseconds
For documentation on this error, please visit: http://seleniumhq.org/exceptions/no_such_element.html
Build info: version: &apos;2.44.0&apos;, revision: &apos;76d78cf&apos;, time: &apos;2014-10-23 20:02:37&apos;
System info: host: &apos;pavann&apos;, ip: &apos;172.16.10.71&apos;, os.name: &apos;Windows 7&apos;, os.arch: &apos;x86&apos;, os.version: &apos;6.1&apos;, java.version: &apos;1.7.0_67&apos;
Session ID: efa093c2-6f68-4bce-868f-597d2ab26b21
Driver info: org.openqa.selenium.firefox.FirefoxDriver
Capabilities [{platform=WINDOWS, acceptSslCerts=true, javascriptEnabled=true, cssSelectorsEnabled=true, databaseEnabled=true, browserName=firefox, handlesAlerts=true, nativeEvents=true, webStorageEnabled=true, rotatable=false, locationContextEnabled=true, applicationCacheEnabled=true, takesScreenshot=true, version=33.0.2}]
	at sun.reflect.NativeConstructorAccessorImpl.newInstance0(Native Method)
	at sun.reflect.NativeConstructorAccessorImpl.newInstance(NativeConstructorAccessorImpl.java:57)
	at sun.reflect.DelegatingConstructorAccessorImpl.newInstance(DelegatingConstructorAccessorImpl.java:45)
	at java.lang.reflect.Constructor.newInstance(Constructor.java:526)
	at org.openqa.selenium.remote.ErrorHandler.createThrowable(ErrorHandler.java:204)
	at org.openqa.selenium.remote.ErrorHandler.throwIfResponseFailed(ErrorHandler.java:156)
	at org.openqa.selenium.remote.RemoteWebDriver.execute(RemoteWebDriver.java:599)
	at org.openqa.selenium.remote.RemoteWebDriver.findElement(RemoteWebDriver.java:352)
	at org.openqa.selenium.remote.RemoteWebDriver.findElementById(RemoteWebDriver.java:393)
	at org.openqa.selenium.By$ById.findElement(By.java:214)
	at org.openqa.selenium.remote.RemoteWebDriver.findElement(RemoteWebDriver.java:344)
	at src.testUtils.Helper.changePassword(Helper.java:652)
	at src.crm.Smoke.cagement(Smoke.java:255)
	at sun.reflect.NativeMethodAccessorImpl.invoke0(Native Method)
	at sun.reflect.NativeMethodAccessorImpl.invoke(NativeMethodAccessorImpl.java:57)
	at sun.reflect.DelegatingMethodAccessorImpl.invoke(DelegatingMethodAccessorImpl.java:43)
	at java.lang.reflect.Method.invoke(Method.java:606)
	at org.testng.internal.MethodInvocationHelper.invokeMethod(MethodInvocationHelper.java:84)
	at org.testng.internal.Invoker.invokeMethod(Invoker.java:714)
	at org.testng.internal.Invoker.invokeTestMethod(Invoker.java:901)
	at org.testng.internal.Invoker.invokeTestMethods(Invoker.java:1231)
	at org.testng.internal.TestMethodWorker.invokeTestMethods(TestMethodWorker.java:127)
	at org.testng.internal.TestMethodWorker.run(TestMethodWorker.java:111)
	at org.testng.TestRunner.privateRun(TestRunner.java:767)
	at org.testng.TestRunner.run(TestRunner.java:617)
	at org.testng.SuiteRunner.runTest(SuiteRunner.java:334)
	at org.testng.SuiteRunner.runSequentially(SuiteRunner.java:329)
	at org.testng.SuiteRunner.privateRun(SuiteRunner.java:291)
	at org.testng.SuiteRunner.run(SuiteRunner.java:240)
	at org.testng.SuiteRunnerWorker.runSuite(SuiteRunnerWorker.java:52)
	at org.testng.SuiteRunnerWorker.run(SuiteRunnerWorker.java:86)
	at org.testng.TestNG.runSuitesSequentially(TestNG.java:1224)
	at org.testng.TestNG.runSuitesLocally(TestNG.java:1149)
	at org.testng.TestNG.run(TestNG.java:1057)
	at org.testng.remote.RemoteTestNG.run(RemoteTestNG.java:111)
	at org.testng.remote.RemoteTestNG.initAndRun(RemoteTestNG.java:204)
	at org.testng.remote.RemoteTestNG.main(RemoteTestNG.java:175)
Caused by: org.openqa.selenium.NoSuchElementException: Unable to locate element: {&quot;method&quot;:&quot;id&quot;,&quot;selector&quot;:&quot;tree_menu&quot;}
For documentation on this error, please visit: http://seleniumhq.org/exceptions/no_such_element.html
Build info: version: &apos;2.44.0&apos;, revision: &apos;76d78cf&apos;, time: &apos;2014-10-23 20:02:37&apos;
System info: host: &apos;pavann&apos;, ip: &apos;172.16.10.71&apos;, os.name: &apos;Windows 7&apos;, os.arch: &apos;x86&apos;, os.version: &apos;6.1&apos;, java.version: &apos;1.7.0_67&apos;
Driver info: driver.version: unknown
	at &lt;anonymous class&gt;.FirefoxDriver.prototype.findElementInternal_(file:///C:/Users/pavan.n/AppData/Local/Temp/anonymous3658404246597104744webdriver-profile/extensions/fxdriver@googlecode.com/components/driver-component.js:9641:26)
	at &lt;anonymous class&gt;.FirefoxDriver.prototype.findElement(file:///C:/Users/pavan.n/AppData/Local/Temp/anonymous3658404246597104744webdriver-profile/extensions/fxdriver@googlecode.com/components/driver-component.js:9650:3)
	at &lt;anonymous class&gt;.DelayedCommand.prototype.executeInternal_/h(file:///C:/Users/pavan.n/AppData/Local/Temp/anonymous3658404246597104744webdriver-profile/extensions/fxdriver@googlecode.com/components/command-processor.js:11635:16)
	at &lt;anonymous class&gt;.DelayedCommand.prototype.executeInternal_(file:///C:/Users/pavan.n/AppData/Local/Temp/anonymous3658404246597104744webdriver-profile/extensions/fxdriver@googlecode.com/components/command-processor.js:11640:7)
	at &lt;anonymous class&gt;.DelayedCommand.prototype.execute/&lt;(file:///C:/Users/pavan.n/AppData/Local/Temp/anonymous3658404246597104744webdriver-profile/extensions/fxdriver@googlecode.com/components/command-processor.js:11582:5)
</pre></div><a href='#' onClick='toggleBox("stack-trace18225869", this, "Click to show all stack frames", "Click to hide stack frames")'>Click to show all stack frames</a>
<div class='stack-trace' id='stack-trace18225869'><pre>org.openqa.selenium.NoSuchElementException: Unable to locate element: {&quot;method&quot;:&quot;id&quot;,&quot;selector&quot;:&quot;tree_menu&quot;}
Command duration or timeout: 12 milliseconds
For documentation on this error, please visit: http://seleniumhq.org/exceptions/no_such_element.html
Build info: version: &apos;2.44.0&apos;, revision: &apos;76d78cf&apos;, time: &apos;2014-10-23 20:02:37&apos;
System info: host: &apos;pavann&apos;, ip: &apos;172.16.10.71&apos;, os.name: &apos;Windows 7&apos;, os.arch: &apos;x86&apos;, os.version: &apos;6.1&apos;, java.version: &apos;1.7.0_67&apos;
Session ID: efa093c2-6f68-4bce-868f-597d2ab26b21
Driver info: org.openqa.selenium.firefox.FirefoxDriver
Capabilities [{platform=WINDOWS, acceptSslCerts=true, javascriptEnabled=true, cssSelectorsEnabled=true, databaseEnabled=true, browserName=firefox, handlesAlerts=true, nativeEvents=true, webStorageEnabled=true, rotatable=false, locationContextEnabled=true, applicationCacheEnabled=true, takesScreenshot=true, version=33.0.2}]
	at sun.reflect.NativeConstructorAccessorImpl.newInstance0(Native Method)
	at sun.reflect.NativeConstructorAccessorImpl.newInstance(NativeConstructorAccessorImpl.java:57)
	at sun.reflect.DelegatingConstructorAccessorImpl.newInstance(DelegatingConstructorAccessorImpl.java:45)
	at java.lang.reflect.Constructor.newInstance(Constructor.java:526)
	at org.openqa.selenium.remote.ErrorHandler.createThrowable(ErrorHandler.java:204)
	at org.openqa.selenium.remote.ErrorHandler.throwIfResponseFailed(ErrorHandler.java:156)
	at org.openqa.selenium.remote.RemoteWebDriver.execute(RemoteWebDriver.java:599)
	at org.openqa.selenium.remote.RemoteWebDriver.findElement(RemoteWebDriver.java:352)
	at org.openqa.selenium.remote.RemoteWebDriver.findElementById(RemoteWebDriver.java:393)
	at org.openqa.selenium.By$ById.findElement(By.java:214)
	at org.openqa.selenium.remote.RemoteWebDriver.findElement(RemoteWebDriver.java:344)
	at src.testUtils.Helper.changePassword(Helper.java:652)
	at src.crm.Smoke.cagement(Smoke.java:255)
	at sun.reflect.NativeMethodAccessorImpl.invoke0(Native Method)
	at sun.reflect.NativeMethodAccessorImpl.invoke(NativeMethodAccessorImpl.java:57)
	at sun.reflect.DelegatingMethodAccessorImpl.invoke(DelegatingMethodAccessorImpl.java:43)
	at java.lang.reflect.Method.invoke(Method.java:606)
	at org.testng.internal.MethodInvocationHelper.invokeMethod(MethodInvocationHelper.java:84)
	at org.testng.internal.Invoker.invokeMethod(Invoker.java:714)
	at org.testng.internal.Invoker.invokeTestMethod(Invoker.java:901)
	at org.testng.internal.Invoker.invokeTestMethods(Invoker.java:1231)
	at org.testng.internal.TestMethodWorker.invokeTestMethods(TestMethodWorker.java:127)
	at org.testng.internal.TestMethodWorker.run(TestMethodWorker.java:111)
	at org.testng.TestRunner.privateRun(TestRunner.java:767)
	at org.testng.TestRunner.run(TestRunner.java:617)
	at org.testng.SuiteRunner.runTest(SuiteRunner.java:334)
	at org.testng.SuiteRunner.runSequentially(SuiteRunner.java:329)
	at org.testng.SuiteRunner.privateRun(SuiteRunner.java:291)
	at org.testng.SuiteRunner.run(SuiteRunner.java:240)
	at org.testng.SuiteRunnerWorker.runSuite(SuiteRunnerWorker.java:52)
	at org.testng.SuiteRunnerWorker.run(SuiteRunnerWorker.java:86)
	at org.testng.TestNG.runSuitesSequentially(TestNG.java:1224)
	at org.testng.TestNG.runSuitesLocally(TestNG.java:1149)
	at org.testng.TestNG.run(TestNG.java:1057)
	at org.testng.remote.RemoteTestNG.run(RemoteTestNG.java:111)
	at org.testng.remote.RemoteTestNG.initAndRun(RemoteTestNG.java:204)
	at org.testng.remote.RemoteTestNG.main(RemoteTestNG.java:175)
Caused by: org.openqa.selenium.NoSuchElementException: Unable to locate element: {&quot;method&quot;:&quot;id&quot;,&quot;selector&quot;:&quot;tree_menu&quot;}
For documentation on this error, please visit: http://seleniumhq.org/exceptions/no_such_element.html
Build info: version: &apos;2.44.0&apos;, revision: &apos;76d78cf&apos;, time: &apos;2014-10-23 20:02:37&apos;
System info: host: &apos;pavann&apos;, ip: &apos;172.16.10.71&apos;, os.name: &apos;Windows 7&apos;, os.arch: &apos;x86&apos;, os.version: &apos;6.1&apos;, java.version: &apos;1.7.0_67&apos;
Driver info: driver.version: unknown
	at &lt;anonymous class&gt;.FirefoxDriver.prototype.findElementInternal_(file:///C:/Users/pavan.n/AppData/Local/Temp/anonymous3658404246597104744webdriver-profile/extensions/fxdriver@googlecode.com/components/driver-component.js:9641:26)
	at &lt;anonymous class&gt;.FirefoxDriver.prototype.findElement(file:///C:/Users/pavan.n/AppData/Local/Temp/anonymous3658404246597104744webdriver-profile/extensions/fxdriver@googlecode.com/components/driver-component.js:9650:3)
	at &lt;anonymous class&gt;.DelayedCommand.prototype.executeInternal_/h(file:///C:/Users/pavan.n/AppData/Local/Temp/anonymous3658404246597104744webdriver-profile/extensions/fxdriver@googlecode.com/components/command-processor.js:11635:16)
	at &lt;anonymous class&gt;.DelayedCommand.prototype.executeInternal_(file:///C:/Users/pavan.n/AppData/Local/Temp/anonymous3658404246597104744webdriver-profile/extensions/fxdriver@googlecode.com/components/command-processor.js:11640:7)
	at &lt;anonymous class&gt;.DelayedCommand.prototype.execute/&lt;(file:///C:/Users/pavan.n/AppData/Local/Temp/anonymous3658404246597104744webdriver-profile/extensions/fxdriver@googlecode.com/components/command-processor.js:11582:5)
</pre></div></td>
<td>53</td>
<td>src.crm.Smoke@8978c7</td></tr>
>>>>>>> Stashed changes
</table><p>
</body>
</html>