<?xml version="1.0" encoding="UTF-8"?>
<!-- Generated by org.testng.reporters.JUnitXMLReporter -->
<testsuite hostname="pavann" name="Regression" tests="90" failures="6" timestamp="26 Nov 2014 10:42:17 GMT" time="12681.954" errors="0">
  <testcase name="@BeforeMethod before" time="0.0" classname="src.crm.BDM">
    <failure type="org.openqa.selenium.NoSuchElementException" message="Unable to locate element: {&amp;quot;method&amp;quot;:&amp;quot;id&amp;quot;,&amp;quot;selector&amp;quot;:&amp;quot;username&amp;quot;}
Command duration or timeout: 9 milliseconds
For documentation on this error, please visit: http://seleniumhq.org/exceptions/no_such_element.html
Build info: version: &amp;apos;2.44.0&amp;apos;, revision: &amp;apos;76d78cf&amp;apos;, time: &amp;apos;2014-10-23 20:02:37&amp;apos;
System info: host: &amp;apos;pavann&amp;apos;, ip: &amp;apos;172.16.10.80&amp;apos;, os.name: &amp;apos;Windows 7&amp;apos;, os.arch: &amp;apos;x86&amp;apos;, os.version: &amp;apos;6.1&amp;apos;, java.version: &amp;apos;1.7.0_67&amp;apos;
Session ID: 179a88bf-6630-491c-97fe-bc6c385ed1d1
Driver info: org.openqa.selenium.firefox.FirefoxDriver
Capabilities [{platform=WINDOWS, acceptSslCerts=true, javascriptEnabled=true, cssSelectorsEnabled=true, databaseEnabled=true, browserName=firefox, handlesAlerts=true, nativeEvents=true, webStorageEnabled=true, rotatable=false, locationContextEnabled=true, applicationCacheEnabled=true, takesScreenshot=true, version=33.1.1}]">
      <![CDATA[org.openqa.selenium.NoSuchElementException: Unable to locate element: {"method":"id","selector":"username"}
Command duration or timeout: 9 milliseconds
For documentation on this error, please visit: http://seleniumhq.org/exceptions/no_such_element.html
Build info: version: '2.44.0', revision: '76d78cf', time: '2014-10-23 20:02:37'
System info: host: 'pavann', ip: '172.16.10.80', os.name: 'Windows 7', os.arch: 'x86', os.version: '6.1', java.version: '1.7.0_67'
Session ID: 179a88bf-6630-491c-97fe-bc6c385ed1d1
Driver info: org.openqa.selenium.firefox.FirefoxDriver
Capabilities [{platform=WINDOWS, acceptSslCerts=true, javascriptEnabled=true, cssSelectorsEnabled=true, databaseEnabled=true, browserName=firefox, handlesAlerts=true, nativeEvents=true, webStorageEnabled=true, rotatable=false, locationContextEnabled=true, applicationCacheEnabled=true, takesScreenshot=true, version=33.1.1}]
	at org.openqa.selenium.remote.ErrorHandler.createThrowable(ErrorHandler.java:204)
	at org.openqa.selenium.remote.ErrorHandler.throwIfResponseFailed(ErrorHandler.java:156)
	at org.openqa.selenium.remote.RemoteWebDriver.execute(RemoteWebDriver.java:599)
	at org.openqa.selenium.remote.RemoteWebDriver.findElement(RemoteWebDriver.java:352)
	at org.openqa.selenium.remote.RemoteWebDriver.findElementById(RemoteWebDriver.java:393)
	at org.openqa.selenium.By$ById.findElement(By.java:214)
	at org.openqa.selenium.remote.RemoteWebDriver.findElement(RemoteWebDriver.java:344)
	at src.testUtils.Helper.login(Helper.java:108)
	at src.crm.BDM.before(BDM.java:37)
Caused by: org.openqa.selenium.NoSuchElementException: Unable to locate element: {"method":"id","selector":"username"}
For documentation on this error, please visit: http://seleniumhq.org/exceptions/no_such_element.html
Build info: version: '2.44.0', revision: '76d78cf', time: '2014-10-23 20:02:37'
System info: host: 'pavann', ip: '172.16.10.80', os.name: 'Windows 7', os.arch: 'x86', os.version: '6.1', java.version: '1.7.0_67'
Driver info: driver.version: unknown
	at <anonymous class>.FirefoxDriver.prototype.findElementInternal_(file:///C:/Users/pavan.n/AppData/Local/Temp/anonymous4610411387718899996webdriver-profile/extensions/fxdriver@googlecode.com/components/driver-component.js:9641:26)
	at <anonymous class>.FirefoxDriver.prototype.findElement(file:///C:/Users/pavan.n/AppData/Local/Temp/anonymous4610411387718899996webdriver-profile/extensions/fxdriver@googlecode.com/components/driver-component.js:9650:3)
	at <anonymous class>.DelayedCommand.prototype.executeInternal_/h(file:///C:/Users/pavan.n/AppData/Local/Temp/anonymous4610411387718899996webdriver-profile/extensions/fxdriver@googlecode.com/components/command-processor.js:11635:16)
	at <anonymous class>.DelayedCommand.prototype.executeInternal_(file:///C:/Users/pavan.n/AppData/Local/Temp/anonymous4610411387718899996webdriver-profile/extensions/fxdriver@googlecode.com/components/command-processor.js:11640:7)
	at <anonymous class>.DelayedCommand.prototype.execute/<(file:///C:/Users/pavan.n/AppData/Local/Temp/anonymous4610411387718899996webdriver-profile/extensions/fxdriver@googlecode.com/components/command-processor.js:11582:5)
... Removed 28 stack frames]]>
    </failure>
  </testcase> <!-- @BeforeMethod before -->
  <testcase name="@AfterMethod after" time="0.0" classname="src.crm.BDM">
    <skipped/>
  </testcase> <!-- @AfterMethod after -->
  <testcase name="@BeforeMethod before" time="0.0" classname="src.crm.BDM">
    <skipped/>
  </testcase> <!-- @BeforeMethod before -->
  <testcase name="@AfterMethod after" time="0.0" classname="src.crm.BDM">
    <skipped/>
  </testcase> <!-- @AfterMethod after -->
  <testcase name="@BeforeMethod before" time="0.0" classname="src.crm.BDM">
    <skipped/>
  </testcase> <!-- @BeforeMethod before -->
  <testcase name="@AfterMethod after" time="0.0" classname="src.crm.BDM">
    <skipped/>
  </testcase> <!-- @AfterMethod after -->
  <testcase name="@BeforeMethod before" time="0.0" classname="src.crm.BDM">
    <skipped/>
  </testcase> <!-- @BeforeMethod before -->
  <testcase name="@AfterMethod after" time="0.0" classname="src.crm.BDM">
    <skipped/>
  </testcase> <!-- @AfterMethod after -->
  <testcase name="@BeforeMethod before" time="0.0" classname="src.crm.BDM">
    <skipped/>
  </testcase> <!-- @BeforeMethod before -->
  <testcase name="@AfterMethod after" time="0.0" classname="src.crm.BDM">
    <skipped/>
  </testcase> <!-- @AfterMethod after -->
  <testcase name="@BeforeMethod before" time="0.0" classname="src.crm.BDM">
    <skipped/>
  </testcase> <!-- @BeforeMethod before -->
  <testcase name="@AfterMethod after" time="0.0" classname="src.crm.BDM">
    <skipped/>
  </testcase> <!-- @AfterMethod after -->
  <testcase name="@BeforeMethod before" time="0.0" classname="src.crm.BDM">
    <skipped/>
  </testcase> <!-- @BeforeMethod before -->
  <testcase name="@AfterMethod after" time="0.0" classname="src.crm.BDM">
    <skipped/>
  </testcase> <!-- @AfterMethod after -->
  <testcase name="@BeforeMethod before" time="0.0" classname="src.crm.BDM">
    <skipped/>
  </testcase> <!-- @BeforeMethod before -->
  <testcase name="@AfterMethod after" time="0.0" classname="src.crm.BDM">
    <skipped/>
  </testcase> <!-- @AfterMethod after -->
  <testcase name="@BeforeMethod before" time="0.0" classname="src.crm.BDM">
    <skipped/>
  </testcase> <!-- @BeforeMethod before -->
  <testcase name="@AfterMethod after" time="0.0" classname="src.crm.BDM">
    <skipped/>
  </testcase> <!-- @AfterMethod after -->
  <testcase name="@BeforeMethod before" time="0.0" classname="src.crm.BDM">
    <skipped/>
  </testcase> <!-- @BeforeMethod before -->
  <testcase name="@AfterMethod after" time="0.0" classname="src.crm.BDM">
    <skipped/>
  </testcase> <!-- @AfterMethod after -->
  <testcase name="@BeforeMethod before" time="0.0" classname="src.crm.BDM">
    <skipped/>
  </testcase> <!-- @BeforeMethod before -->
  <testcase name="@AfterMethod after" time="0.0" classname="src.crm.BDM">
    <skipped/>
  </testcase> <!-- @AfterMethod after -->
  <testcase name="Login_CRM" time="55.498" classname="src.crm.Login"/>
  <testcase name="a_LC_TS_17_Expandandcollapse" time="19.913" classname="src.crm.Researcher"/>
  <testcase name="b_LC_TS18_TC001_Uploadinvaliddata" time="39.725" classname="src.crm.Researcher"/>
  <testcase name="c_LC_TS18_TC002_Leadsuploadvaliddata" time="351.734" classname="src.crm.Researcher"/>
  <testcase name="d_LC_TS19_TC001_Searchleads" time="86.282" classname="src.crm.Researcher"/>
  <testcase name="e_LC_TS19_TC002_Searchleadpagenavigation" time="188.863" classname="src.crm.Researcher"/>
  <testcase name="f_LC_TS_22_Changepassword" time="61.697" classname="src.crm.Researcher"/>
  <testcase name="a_paginations" time="2766.972" classname="src.crm.BDM"/>
  <testcase name="b_LC_TS_26_verifyingServiceNamesandAssign" time="16.68" classname="src.crm.BDM"/>
  <testcase name="c_LC_TS_26_matching_service_name" time="23.528" classname="src.crm.BDM">
    <failure type="org.openqa.selenium.NoSuchElementException" message="Unable to locate element: {&amp;quot;method&amp;quot;:&amp;quot;tag name&amp;quot;,&amp;quot;selector&amp;quot;:&amp;quot;tbody&amp;quot;}
Command duration or timeout: 36 milliseconds
For documentation on this error, please visit: http://seleniumhq.org/exceptions/no_such_element.html
Build info: version: &amp;apos;2.44.0&amp;apos;, revision: &amp;apos;76d78cf&amp;apos;, time: &amp;apos;2014-10-23 20:02:37&amp;apos;
System info: host: &amp;apos;pavann&amp;apos;, ip: &amp;apos;172.16.10.80&amp;apos;, os.name: &amp;apos;Windows 7&amp;apos;, os.arch: &amp;apos;x86&amp;apos;, os.version: &amp;apos;6.1&amp;apos;, java.version: &amp;apos;1.7.0_67&amp;apos;
Session ID: bd2acd13-fc37-42c8-8f4c-11d37b60b0fb
Driver info: org.openqa.selenium.firefox.FirefoxDriver
Capabilities [{platform=WINDOWS, acceptSslCerts=true, javascriptEnabled=true, cssSelectorsEnabled=true, databaseEnabled=true, browserName=firefox, handlesAlerts=true, nativeEvents=true, webStorageEnabled=true, rotatable=false, locationContextEnabled=true, applicationCacheEnabled=true, takesScreenshot=true, version=33.1.1}]">
      <![CDATA[org.openqa.selenium.NoSuchElementException: Unable to locate element: {"method":"tag name","selector":"tbody"}
Command duration or timeout: 36 milliseconds
For documentation on this error, please visit: http://seleniumhq.org/exceptions/no_such_element.html
Build info: version: '2.44.0', revision: '76d78cf', time: '2014-10-23 20:02:37'
System info: host: 'pavann', ip: '172.16.10.80', os.name: 'Windows 7', os.arch: 'x86', os.version: '6.1', java.version: '1.7.0_67'
Session ID: bd2acd13-fc37-42c8-8f4c-11d37b60b0fb
Driver info: org.openqa.selenium.firefox.FirefoxDriver
Capabilities [{platform=WINDOWS, acceptSslCerts=true, javascriptEnabled=true, cssSelectorsEnabled=true, databaseEnabled=true, browserName=firefox, handlesAlerts=true, nativeEvents=true, webStorageEnabled=true, rotatable=false, locationContextEnabled=true, applicationCacheEnabled=true, takesScreenshot=true, version=33.1.1}]
	at org.openqa.selenium.remote.ErrorHandler.createThrowable(ErrorHandler.java:204)
	at org.openqa.selenium.remote.ErrorHandler.throwIfResponseFailed(ErrorHandler.java:156)
	at org.openqa.selenium.remote.RemoteWebDriver.execute(RemoteWebDriver.java:599)
	at org.openqa.selenium.remote.RemoteWebDriver.findElement(RemoteWebDriver.java:352)
	at org.openqa.selenium.remote.RemoteWebDriver.findElementByTagName(RemoteWebDriver.java:417)
	at org.openqa.selenium.By$ByTagName.findElement(By.java:330)
	at org.openqa.selenium.remote.RemoteWebDriver.findElement(RemoteWebDriver.java:344)
	at src.crm.BDM.c_LC_TS_26_matching_service_name(BDM.java:220)
Caused by: org.openqa.selenium.NoSuchElementException: Unable to locate element: {"method":"tag name","selector":"tbody"}
For documentation on this error, please visit: http://seleniumhq.org/exceptions/no_such_element.html
Build info: version: '2.44.0', revision: '76d78cf', time: '2014-10-23 20:02:37'
System info: host: 'pavann', ip: '172.16.10.80', os.name: 'Windows 7', os.arch: 'x86', os.version: '6.1', java.version: '1.7.0_67'
Driver info: driver.version: unknown
	at <anonymous class>.FirefoxDriver.prototype.findElementInternal_(file:///C:/Users/pavan.n/AppData/Local/Temp/anonymous5831922681143841993webdriver-profile/extensions/fxdriver@googlecode.com/components/driver-component.js:9641:26)
	at <anonymous class>.FirefoxDriver.prototype.findElement(file:///C:/Users/pavan.n/AppData/Local/Temp/anonymous5831922681143841993webdriver-profile/extensions/fxdriver@googlecode.com/components/driver-component.js:9650:3)
	at <anonymous class>.DelayedCommand.prototype.executeInternal_/h(file:///C:/Users/pavan.n/AppData/Local/Temp/anonymous5831922681143841993webdriver-profile/extensions/fxdriver@googlecode.com/components/command-processor.js:11635:16)
	at <anonymous class>.DelayedCommand.prototype.executeInternal_(file:///C:/Users/pavan.n/AppData/Local/Temp/anonymous5831922681143841993webdriver-profile/extensions/fxdriver@googlecode.com/components/command-processor.js:11640:7)
	at <anonymous class>.DelayedCommand.prototype.execute/<(file:///C:/Users/pavan.n/AppData/Local/Temp/anonymous5831922681143841993webdriver-profile/extensions/fxdriver@googlecode.com/components/command-processor.js:11582:5)
... Removed 27 stack frames]]>
    </failure>
  </testcase> <!-- c_LC_TS_26_matching_service_name -->
  <testcase name="d_LC_TS_26_selectAllcheckbox" time="21.751" classname="src.crm.BDM"/>
  <testcase name="e_LC_TS_27_serviceoptionsvalidation_self" time="31.1" classname="src.crm.BDM"/>
  <testcase name="f_LC_TS_27_assignmultipleLeads_BDM" time="32.638" classname="src.crm.BDM"/>
  <testcase name="g_LC_TS_28_assignto_bde" time="40.157" classname="src.crm.BDM"/>
  <testcase name="h_LC_TS_28_assignmultipleLeads_BDE" time="49.285" classname="src.crm.BDM"/>
  <testcase name="i_LC_TS_28_assignmultipleleadsBDM_BDE" time="49.136" classname="src.crm.BDM"/>
  <testcase name="j_LC_TS_29_researchbuttoncheck" time="16.534" classname="src.crm.BDM"/>
  <testcase name="k_LC_TS_29_researchformfill" time="37.783" classname="src.crm.BDM"/>
  <testcase name="k_LC_TS_29_researchformfill" time="39.91" classname="src.crm.BDM"/>
  <testcase name="k_LC_TS_29_researchformfill" time="39.39" classname="src.crm.BDM"/>
  <testcase name="k_LC_TS_29_researchformfill" time="39.622" classname="src.crm.BDM"/>
  <testcase name="l_LC_TS_30_workPhasetrackit" time="17.497" classname="src.crm.BDM"/>
  <testcase name="m_LC_TS_31_workphaseFollowupTodaysDate" time="42.666" classname="src.crm.BDM"/>
  <testcase name="m_LC_TS_31_workphaseFollowupTodaysDate" time="41.686" classname="src.crm.BDM"/>
  <testcase name="n_LC_TS_30_workphaseFuturedate" time="39.087" classname="src.crm.BDM"/>
  <testcase name="n_LC_TS_30_workphaseFuturedate" time="39.022" classname="src.crm.BDM"/>
  <testcase name="o_LC_TS_32_confirmleadsofTodaysDate" time="24.871" classname="src.crm.BDM"/>
  <testcase name="p_LC_TS_32_allfollowup" time="18.977" classname="src.crm.BDM"/>
  <testcase name="q_LC_TS_32_allNextFollowup" time="31.615" classname="src.crm.BDM"/>
  <testcase name="r_LC_TS_68_coldStorage" time="61.106" classname="src.crm.BDM"/>
  <testcase name="s_LC_TS_32_FollowupProspectIdentityProposal" time="66.48" classname="src.crm.BDM"/>
  <testcase name="t_LC_TS_34_proposalUpload" time="59.179" classname="src.crm.BDM"/>
  <testcase name="u_LC_TS_32_FollowupProspectIdentityQuote" time="60.066" classname="src.crm.BDM"/>
  <testcase name="v_LC_TS_35_quoteUpload" time="0.0" classname="src.crm.BDM">
    <skipped/>
  </testcase> <!-- v_LC_TS_35_quoteUpload -->
  <testcase name="w_LC_TS_32_proposalQuoteSend" time="0.0" classname="src.crm.BDM">
    <skipped/>
  </testcase> <!-- w_LC_TS_32_proposalQuoteSend -->
  <testcase name="w_LC_TS_32_proposalQuoteSend" time="0.0" classname="src.crm.BDM">
    <skipped/>
  </testcase> <!-- w_LC_TS_32_proposalQuoteSend -->
  <testcase name="x_LC_TS_32_proposalQuoteaccept" time="0.0" classname="src.crm.BDM">
    <skipped/>
  </testcase> <!-- x_LC_TS_32_proposalQuoteaccept -->
  <testcase name="x_LC_TS_32_proposalQuoteaccept" time="0.0" classname="src.crm.BDM">
    <skipped/>
  </testcase> <!-- x_LC_TS_32_proposalQuoteaccept -->
  <testcase name="y_LC_TS_33_verifyleadclosebutton" time="0.0" classname="src.crm.BDM">
    <skipped/>
  </testcase> <!-- y_LC_TS_33_verifyleadclosebutton -->
  <testcase name="z_LC_TS_33_leadcloseCustomer" time="0.0" classname="src.crm.BDM">
    <skipped/>
  </testcase> <!-- z_LC_TS_33_leadcloseCustomer -->
  <testcase name="za_LC_TS_33_leadcloseLostCompetition" time="0.0" classname="src.crm.BDM">
    <skipped/>
  </testcase> <!-- za_LC_TS_33_leadcloseLostCompetition -->
  <testcase name="zb_LC_TS_36_leadSearch" time="0.0" classname="src.crm.BDM">
    <skipped/>
  </testcase> <!-- zb_LC_TS_36_leadSearch -->
  <testcase name="zc_LC_TS_39_testLeadEditButton" time="0.0" classname="src.crm.BDM">
    <skipped/>
  </testcase> <!-- zc_LC_TS_39_testLeadEditButton -->
  <testcase name="zd_LC_TS_40_changePassword" time="0.0" classname="src.crm.BDM">
    <skipped/>
  </testcase> <!-- zd_LC_TS_40_changePassword -->
  <testcase name="a_LC_TS_43_ExpandCollapse" time="778.031" classname="src.crm.BDE"/>
  <testcase name="b_LC_TS_44_researchOnCompany" time="105.738" classname="src.crm.BDE"/>
  <testcase name="b_LC_TS_44_researchOnCompany" time="106.832" classname="src.crm.BDE"/>
  <testcase name="b_LC_TS_44_researchOnCompany" time="105.628" classname="src.crm.BDE"/>
  <testcase name="b_LC_TS_44_researchOnCompany" time="106.449" classname="src.crm.BDE"/>
  <testcase name="b_LC_TS_44_researchOnCompany" time="105.009" classname="src.crm.BDE"/>
  <testcase name="c_LC_TS_45_workPhaseForTodaysDate" time="130.619" classname="src.crm.BDE"/>
  <testcase name="c_LC_TS_45_workPhaseForTodaysDate" time="131.015" classname="src.crm.BDE"/>
  <testcase name="d_LC_TS_45_workPhaseForLaterDate" time="102.905" classname="src.crm.BDE"/>
  <testcase name="d_LC_TS_45_workPhaseForLaterDate" time="103.204" classname="src.crm.BDE"/>
  <testcase name="d_LC_TS_45_workPhaseForLaterDate" time="103.216" classname="src.crm.BDE"/>
  <testcase name="e_LC_TS_46_todaysFollowup4" time="94.493" classname="src.crm.BDE"/>
  <testcase name="f_LC_TS_46_todaysFollowupProposal" time="198.814" classname="src.crm.BDE"/>
  <testcase name="g_LC_TS_47_UIToFieldCheck" time="35.479" classname="src.crm.BDE"/>
  <testcase name="h_LC_TS_47_AllFollowupsQuoteUpload" time="153.068" classname="src.crm.BDE"/>
  <testcase name="i_LC_TS_47_AllFollowupclose" time="0.026" classname="src.crm.BDE">
    <failure type="java.lang.AssertionError" message="Side tree menu not available">
      <![CDATA[java.lang.AssertionError: Side tree menu not available
	at src.testUtils.Helper.expand(Helper.java:122)
	at src.crm.BDE.navigatePage(BDE.java:40)
	at src.crm.BDE.i_LC_TS_47_AllFollowupclose(BDE.java:837)
... Removed 24 stack frames]]>
    </failure>
  </testcase> <!-- i_LC_TS_47_AllFollowupclose -->
  <testcase name="j_LC_TS_47_confirmLeadsOfTodaysDate" time="47.197" classname="src.crm.BDE"/>
  <testcase name="k_LC_TS_47_AllFollowups4" time="97.988" classname="src.crm.BDE"/>
  <testcase name="l_LC_TS_47_coldStorage" time="105.498" classname="src.crm.BDE"/>
  <testcase name="m_LC_TS_48_closedPhasebutton" time="12.406" classname="src.crm.BDE"/>
  <testcase name="n_LC_TS_48_closedCustomer" time="14.263" classname="src.crm.BDE"/>
  <testcase name="o_LC_TS_48_closedCompetetion" time="12.553" classname="src.crm.BDE"/>
  <testcase name="p_LC_TS_49_searchLead" time="85.406" classname="src.crm.BDE"/>
  <testcase name="q_LC_TS_50_leadEditbutton" time="31.354" classname="src.crm.BDE"/>
  <testcase name="r_LC_TS_50_leadEditTrackIt" time="19.849" classname="src.crm.BDE"/>
  <testcase name="s_LC_TS_51_LeadEdit" time="31.27" classname="src.crm.BDE"/>
  <testcase name="t_LC_TS_52_changePassword" time="11.626" classname="src.crm.BDE">
    <failure type="com.mysql.jdbc.exceptions.jdbc4.CommunicationsException" message="Communications link failure

The last packet successfully received from the server was 10,709,262 milliseconds ago.  The last packet sent successfully to the server was 10,709,265 milliseconds ago.">
      <![CDATA[com.mysql.jdbc.exceptions.jdbc4.CommunicationsException: Communications link failure

The last packet successfully received from the server was 10,709,262 milliseconds ago.  The last packet sent successfully to the server was 10,709,265 milliseconds ago.
	at com.mysql.jdbc.Util.handleNewInstance(Util.java:411)
	at com.mysql.jdbc.SQLError.createCommunicationsException(SQLError.java:1116)
	at com.mysql.jdbc.MysqlIO.send(MysqlIO.java:3364)
	at com.mysql.jdbc.MysqlIO.sendCommand(MysqlIO.java:1983)
	at com.mysql.jdbc.MysqlIO.sqlQueryDirect(MysqlIO.java:2163)
	at com.mysql.jdbc.ConnectionImpl.execSQL(ConnectionImpl.java:2618)
	at com.mysql.jdbc.ConnectionImpl.execSQL(ConnectionImpl.java:2568)
	at com.mysql.jdbc.StatementImpl.executeQuery(StatementImpl.java:1557)
	at src.testUtils.Helper.changePassword(Helper.java:559)
	at src.crm.BDE.t_LC_TS_52_changePassword(BDE.java:1628)
Caused by: java.net.SocketException: Connection reset by peer: socket write error
	at java.net.SocketOutputStream.socketWrite0(Native Method)
	at java.net.SocketOutputStream.socketWrite(SocketOutputStream.java:113)
	at java.net.SocketOutputStream.write(SocketOutputStream.java:159)
	at java.io.BufferedOutputStream.flushBuffer(BufferedOutputStream.java:82)
	at java.io.BufferedOutputStream.flush(BufferedOutputStream.java:140)
	at com.mysql.jdbc.MysqlIO.send(MysqlIO.java:3345)
	... 30 more
... Removed 27 stack frames]]>
    </failure>
  </testcase> <!-- t_LC_TS_52_changePassword -->
  <testcase name="a_TS_57_TC001login" time="2.709" classname="src.crm.Management"/>
  <testcase name="b_TS_57_TC002expand" time="14.399" classname="src.crm.Management"/>
  <testcase name="c_TS_58_TC001PSearch" time="30.093" classname="src.crm.Management"/>
  <testcase name="d_TS_58_TC004PDrop" time="24.965" classname="src.crm.Management"/>
  <testcase name="e_TS_58_TC005PSortStatus" time="52.901" classname="src.crm.Management"/>
  <testcase name="f_TS_58_TC006PTrackit" time="23.127" classname="src.crm.Management"/>
  <testcase name="g_TS_59_TC001LSearch" time="36.435" classname="src.crm.Management"/>
  <testcase name="h_TS_59_TC004LDrop" time="28.18" classname="src.crm.Management">
    <failure type="java.lang.AssertionError" message="page navigation failed to next page">
      <![CDATA[java.lang.AssertionError: page navigation failed to next page
	at src.testUtils.Helper.pagination(Helper.java:523)
	at src.testUtils.Helper.pageEntries(Helper.java:484)
	at src.crm.Management.h_TS_59_TC004LDrop(Management.java:186)
... Removed 24 stack frames]]>
    </failure>
  </testcase> <!-- h_TS_59_TC004LDrop -->
  <testcase name="i_TS_59_TC005LSortStatus" time="44.871" classname="src.crm.Management"/>
  <testcase name="j_TS_59_TC006LTrackit" time="23.673" classname="src.crm.Management"/>
  <testcase name="k_TS_60_TC001CSearch" time="43.55" classname="src.crm.Management"/>
  <testcase name="l_TS_60_TC004CDrop" time="34.122" classname="src.crm.Management">
    <failure type="java.lang.AssertionError" message="page navigation failed to next page">
      <![CDATA[java.lang.AssertionError: page navigation failed to next page
	at src.testUtils.Helper.pagination(Helper.java:523)
	at src.testUtils.Helper.pageEntries(Helper.java:484)
	at src.crm.Management.l_TS_60_TC004CDrop(Management.java:281)
... Removed 24 stack frames]]>
    </failure>
  </testcase> <!-- l_TS_60_TC004CDrop -->
  <testcase name="m_TS_60_TC005CSortStatus" time="51.999" classname="src.crm.Management"/>
  <testcase name="n_TS_60_TC006CTrackit" time="25.641" classname="src.crm.Management"/>
  <testcase name="o_TS_61_TC001QSearch" time="38.55" classname="src.crm.Management"/>
  <testcase name="p_TS_61_TC004QDrop" time="28.131" classname="src.crm.Management">
    <failure type="java.lang.AssertionError" message="page navigation failed to next page">
      <![CDATA[java.lang.AssertionError: page navigation failed to next page
	at src.testUtils.Helper.pagination(Helper.java:523)
	at src.testUtils.Helper.pageEntries(Helper.java:484)
	at src.crm.Management.p_TS_61_TC004QDrop(Management.java:376)
... Removed 24 stack frames]]>
    </failure>
  </testcase> <!-- p_TS_61_TC004QDrop -->
  <testcase name="q_TS_61_TC005QSortStatus" time="49.228" classname="src.crm.Management"/>
  <testcase name="r_TS_61_TC006QTrackit" time="24.617" classname="src.crm.Management"/>
  <testcase name="s_TS_62_TC001Leads" time="79.203" classname="src.crm.Management"/>
</testsuite> <!-- Regression -->
