<?xml version="1.0" encoding="UTF-8"?>
<!-- Generated by org.testng.reporters.JUnitReportReporter -->
<testsuite hostname="pavann" name="src.crm.BDE" tests="27" failures="1" timestamp="26 Nov 2014 10:42:17 GMT" time="3404.381" errors="1">
  <testcase name="b_LC_TS_44_researchOnCompany" time="127.639" classname="src.crm.BDE"/>
  <testcase name="a_LC_TS_43_ExpandCollapse" time="799.722" classname="src.crm.BDE"/>
  <testcase name="p_LC_TS_49_searchLead" time="105.756" classname="src.crm.BDE"/>
  <testcase name="t_LC_TS_52_changePassword" time="32.832" classname="src.crm.BDE">
    <failure type="com.mysql.jdbc.exceptions.jdbc4.CommunicationsException" message="Communications link failure

The last packet successfully received from the server was 10,709,262 milliseconds ago.  The last packet sent successfully to the server was 10,709,265 milliseconds ago.">
      <![CDATA[com.mysql.jdbc.exceptions.jdbc4.CommunicationsException: Communications link failure

The last packet successfully received from the server was 10,709,262 milliseconds ago.  The last packet sent successfully to the server was 10,709,265 milliseconds ago.
	at sun.reflect.NativeConstructorAccessorImpl.newInstance0(Native Method)
	at sun.reflect.NativeConstructorAccessorImpl.newInstance(NativeConstructorAccessorImpl.java:57)
	at sun.reflect.DelegatingConstructorAccessorImpl.newInstance(DelegatingConstructorAccessorImpl.java:45)
	at java.lang.reflect.Constructor.newInstance(Constructor.java:526)
	at com.mysql.jdbc.Util.handleNewInstance(Util.java:411)
	at com.mysql.jdbc.SQLError.createCommunicationsException(SQLError.java:1116)
	at com.mysql.jdbc.MysqlIO.send(MysqlIO.java:3364)
	at com.mysql.jdbc.MysqlIO.sendCommand(MysqlIO.java:1983)
	at com.mysql.jdbc.MysqlIO.sqlQueryDirect(MysqlIO.java:2163)
	at com.mysql.jdbc.ConnectionImpl.execSQL(ConnectionImpl.java:2618)
	at com.mysql.jdbc.ConnectionImpl.execSQL(ConnectionImpl.java:2568)
	at com.mysql.jdbc.StatementImpl.executeQuery(StatementImpl.java:1557)
	at src.testUtils.Helper.changePassword(Helper.java:559)
	at src.crm.BDE.t_LC_TS_52_changePassword(BDE.java:1628)
	at sun.reflect.NativeMethodAccessorImpl.invoke0(Native Method)
	at sun.reflect.NativeMethodAccessorImpl.invoke(NativeMethodAccessorImpl.java:57)
	at sun.reflect.DelegatingMethodAccessorImpl.invoke(DelegatingMethodAccessorImpl.java:43)
	at java.lang.reflect.Method.invoke(Method.java:606)
	at org.testng.internal.MethodInvocationHelper.invokeMethod(MethodInvocationHelper.java:84)
	at org.testng.internal.Invoker.invokeMethod(Invoker.java:714)
	at org.testng.internal.Invoker.invokeTestMethod(Invoker.java:901)
	at org.testng.internal.Invoker.invokeTestMethods(Invoker.java:1231)
	at org.testng.internal.TestMethodWorker.invokeTestMethods(TestMethodWorker.java:127)
	at org.testng.internal.TestMethodWorker.run(TestMethodWorker.java:111)
	at org.testng.TestRunner.privateRun(TestRunner.java:767)
	at org.testng.TestRunner.run(TestRunner.java:617)
	at org.testng.SuiteRunner.runTest(SuiteRunner.java:334)
	at org.testng.SuiteRunner.runSequentially(SuiteRunner.java:329)
	at org.testng.SuiteRunner.privateRun(SuiteRunner.java:291)
	at org.testng.SuiteRunner.run(SuiteRunner.java:240)
	at org.testng.SuiteRunnerWorker.runSuite(SuiteRunnerWorker.java:52)
	at org.testng.SuiteRunnerWorker.run(SuiteRunnerWorker.java:86)
	at org.testng.TestNG.runSuitesSequentially(TestNG.java:1224)
	at org.testng.TestNG.runSuitesLocally(TestNG.java:1149)
	at org.testng.TestNG.run(TestNG.java:1057)
	at org.testng.TestNG.privateMain(TestNG.java:1364)
	at org.testng.TestNG.main(TestNG.java:1333)
Caused by: java.net.SocketException: Connection reset by peer: socket write error
	at java.net.SocketOutputStream.socketWrite0(Native Method)
	at java.net.SocketOutputStream.socketWrite(SocketOutputStream.java:113)
	at java.net.SocketOutputStream.write(SocketOutputStream.java:159)
	at java.io.BufferedOutputStream.flushBuffer(BufferedOutputStream.java:82)
	at java.io.BufferedOutputStream.flush(BufferedOutputStream.java:140)
	at com.mysql.jdbc.MysqlIO.send(MysqlIO.java:3345)
	... 30 more
]]>
    </failure>
  </testcase> <!-- t_LC_TS_52_changePassword -->
  <testcase name="m_LC_TS_48_closedPhasebutton" time="34.403" classname="src.crm.BDE"/>
  <testcase name="c_LC_TS_45_workPhaseForTodaysDate" time="152.662" classname="src.crm.BDE"/>
  <testcase name="b_LC_TS_44_researchOnCompany" time="123.091" classname="src.crm.BDE"/>
  <testcase name="k_LC_TS_47_AllFollowups4" time="119.304" classname="src.crm.BDE"/>
  <testcase name="d_LC_TS_45_workPhaseForLaterDate" time="123.846" classname="src.crm.BDE"/>
  <testcase name="s_LC_TS_51_LeadEdit" time="52.573" classname="src.crm.BDE"/>
  <testcase name="c_LC_TS_45_workPhaseForTodaysDate" time="152.255" classname="src.crm.BDE"/>
  <testcase name="r_LC_TS_50_leadEditTrackIt" time="41.919" classname="src.crm.BDE"/>
  <testcase name="d_LC_TS_45_workPhaseForLaterDate" time="124.470" classname="src.crm.BDE"/>
  <testcase name="n_LC_TS_48_closedCustomer" time="33.914" classname="src.crm.BDE"/>
  <testcase name="l_LC_TS_47_coldStorage" time="126.919" classname="src.crm.BDE"/>
  <testcase name="b_LC_TS_44_researchOnCompany" time="126.352" classname="src.crm.BDE"/>
  <testcase name="d_LC_TS_45_workPhaseForLaterDate" time="124.711" classname="src.crm.BDE"/>
  <testcase name="o_LC_TS_48_closedCompetetion" time="34.213" classname="src.crm.BDE"/>
  <testcase name="i_LC_TS_47_AllFollowupclose" time="21.645" classname="src.crm.BDE">
    <error type="java.lang.AssertionError" message="Side tree menu not available">
      <![CDATA[java.lang.AssertionError: Side tree menu not available
	at org.testng.Assert.fail(Assert.java:94)
	at src.testUtils.Helper.expand(Helper.java:122)
	at src.crm.BDE.navigatePage(BDE.java:40)
	at src.crm.BDE.i_LC_TS_47_AllFollowupclose(BDE.java:837)
	at sun.reflect.NativeMethodAccessorImpl.invoke0(Native Method)
	at sun.reflect.NativeMethodAccessorImpl.invoke(NativeMethodAccessorImpl.java:57)
	at sun.reflect.DelegatingMethodAccessorImpl.invoke(DelegatingMethodAccessorImpl.java:43)
	at java.lang.reflect.Method.invoke(Method.java:606)
	at org.testng.internal.MethodInvocationHelper.invokeMethod(MethodInvocationHelper.java:84)
	at org.testng.internal.Invoker.invokeMethod(Invoker.java:714)
	at org.testng.internal.Invoker.invokeTestMethod(Invoker.java:901)
	at org.testng.internal.Invoker.invokeTestMethods(Invoker.java:1231)
	at org.testng.internal.TestMethodWorker.invokeTestMethods(TestMethodWorker.java:127)
	at org.testng.internal.TestMethodWorker.run(TestMethodWorker.java:111)
	at org.testng.TestRunner.privateRun(TestRunner.java:767)
	at org.testng.TestRunner.run(TestRunner.java:617)
	at org.testng.SuiteRunner.runTest(SuiteRunner.java:334)
	at org.testng.SuiteRunner.runSequentially(SuiteRunner.java:329)
	at org.testng.SuiteRunner.privateRun(SuiteRunner.java:291)
	at org.testng.SuiteRunner.run(SuiteRunner.java:240)
	at org.testng.SuiteRunnerWorker.runSuite(SuiteRunnerWorker.java:52)
	at org.testng.SuiteRunnerWorker.run(SuiteRunnerWorker.java:86)
	at org.testng.TestNG.runSuitesSequentially(TestNG.java:1224)
	at org.testng.TestNG.runSuitesLocally(TestNG.java:1149)
	at org.testng.TestNG.run(TestNG.java:1057)
	at org.testng.TestNG.privateMain(TestNG.java:1364)
	at org.testng.TestNG.main(TestNG.java:1333)
]]>
    </error>
  </testcase> <!-- i_LC_TS_47_AllFollowupclose -->
  <testcase name="e_LC_TS_46_todaysFollowup4" time="115.817" classname="src.crm.BDE"/>
  <testcase name="f_LC_TS_46_todaysFollowupProposal" time="220.626" classname="src.crm.BDE"/>
  <testcase name="b_LC_TS_44_researchOnCompany" time="127.240" classname="src.crm.BDE"/>
  <testcase name="g_LC_TS_47_UIToFieldCheck" time="54.735" classname="src.crm.BDE"/>
  <testcase name="h_LC_TS_47_AllFollowupsQuoteUpload" time="174.507" classname="src.crm.BDE"/>
  <testcase name="j_LC_TS_47_confirmLeadsOfTodaysDate" time="69.699" classname="src.crm.BDE"/>
  <testcase name="b_LC_TS_44_researchOnCompany" time="129.851" classname="src.crm.BDE"/>
  <testcase name="q_LC_TS_50_leadEditbutton" time="53.680" classname="src.crm.BDE"/>
</testsuite> <!-- src.crm.BDE -->
