<?xml version="1.0" encoding="UTF-8"?>
<!-- Generated by org.testng.reporters.JUnitReportReporter -->
<testsuite hostname="pavann" name="src.crm.Management" tests="19" failures="0" timestamp="26 Nov 2014 10:42:17 GMT" time="1080.001" errors="3">
  <testcase name="d_TS_58_TC004PDrop" time="46.782" classname="src.crm.Management"/>
  <testcase name="m_TS_60_TC005CSortStatus" time="73.717" classname="src.crm.Management"/>
  <testcase name="e_TS_58_TC005PSortStatus" time="76.060" classname="src.crm.Management"/>
  <testcase name="k_TS_60_TC001CSearch" time="69.137" classname="src.crm.Management"/>
  <testcase name="g_TS_59_TC001LSearch" time="59.422" classname="src.crm.Management"/>
  <testcase name="i_TS_59_TC005LSortStatus" time="67.763" classname="src.crm.Management"/>
  <testcase name="a_TS_57_TC001login" time="24.661" classname="src.crm.Management"/>
  <testcase name="r_TS_61_TC006QTrackit" time="46.143" classname="src.crm.Management"/>
  <testcase name="q_TS_61_TC005QSortStatus" time="70.860" classname="src.crm.Management"/>
  <testcase name="h_TS_59_TC004LDrop" time="50.814" classname="src.crm.Management">
    <error type="java.lang.AssertionError" message="page navigation failed to next page">
      <![CDATA[java.lang.AssertionError: page navigation failed to next page
	at org.testng.Assert.fail(Assert.java:94)
	at src.testUtils.Helper.pagination(Helper.java:523)
	at src.testUtils.Helper.pageEntries(Helper.java:484)
	at src.crm.Management.h_TS_59_TC004LDrop(Management.java:186)
	at sun.reflect.NativeMethodAccessorImpl.invoke0(Native Method)
	at sun.reflect.NativeMethodAccessorImpl.invoke(NativeMethodAccessorImpl.java:57)
	at sun.reflect.DelegatingMethodAccessorImpl.invoke(DelegatingMethodAccessorImpl.java:43)
	at java.lang.reflect.Method.invoke(Method.java:606)
	at org.testng.internal.MethodInvocationHelper.invokeMethod(MethodInvocationHelper.java:84)
	at org.testng.internal.Invoker.invokeMethod(Invoker.java:714)
	at org.testng.internal.Invoker.invokeTestMethod(Invoker.java:901)
	at org.testng.internal.Invoker.invokeTestMethods(Invoker.java:1231)
	at org.testng.internal.TestMethodWorker.invokeTestMethods(TestMethodWorker.java:127)
	at org.testng.internal.TestMethodWorker.run(TestMethodWorker.java:111)
	at org.testng.TestRunner.privateRun(TestRunner.java:767)
	at org.testng.TestRunner.run(TestRunner.java:617)
	at org.testng.SuiteRunner.runTest(SuiteRunner.java:334)
	at org.testng.SuiteRunner.runSequentially(SuiteRunner.java:329)
	at org.testng.SuiteRunner.privateRun(SuiteRunner.java:291)
	at org.testng.SuiteRunner.run(SuiteRunner.java:240)
	at org.testng.SuiteRunnerWorker.runSuite(SuiteRunnerWorker.java:52)
	at org.testng.SuiteRunnerWorker.run(SuiteRunnerWorker.java:86)
	at org.testng.TestNG.runSuitesSequentially(TestNG.java:1224)
	at org.testng.TestNG.runSuitesLocally(TestNG.java:1149)
	at org.testng.TestNG.run(TestNG.java:1057)
	at org.testng.TestNG.privateMain(TestNG.java:1364)
	at org.testng.TestNG.main(TestNG.java:1333)
]]>
    </error>
  </testcase> <!-- h_TS_59_TC004LDrop -->
  <testcase name="f_TS_58_TC006PTrackit" time="44.454" classname="src.crm.Management"/>
  <testcase name="o_TS_61_TC001QSearch" time="59.008" classname="src.crm.Management"/>
  <testcase name="l_TS_60_TC004CDrop" time="56.483" classname="src.crm.Management">
    <error type="java.lang.AssertionError" message="page navigation failed to next page">
      <![CDATA[java.lang.AssertionError: page navigation failed to next page
	at org.testng.Assert.fail(Assert.java:94)
	at src.testUtils.Helper.pagination(Helper.java:523)
	at src.testUtils.Helper.pageEntries(Helper.java:484)
	at src.crm.Management.l_TS_60_TC004CDrop(Management.java:281)
	at sun.reflect.NativeMethodAccessorImpl.invoke0(Native Method)
	at sun.reflect.NativeMethodAccessorImpl.invoke(NativeMethodAccessorImpl.java:57)
	at sun.reflect.DelegatingMethodAccessorImpl.invoke(DelegatingMethodAccessorImpl.java:43)
	at java.lang.reflect.Method.invoke(Method.java:606)
	at org.testng.internal.MethodInvocationHelper.invokeMethod(MethodInvocationHelper.java:84)
	at org.testng.internal.Invoker.invokeMethod(Invoker.java:714)
	at org.testng.internal.Invoker.invokeTestMethod(Invoker.java:901)
	at org.testng.internal.Invoker.invokeTestMethods(Invoker.java:1231)
	at org.testng.internal.TestMethodWorker.invokeTestMethods(TestMethodWorker.java:127)
	at org.testng.internal.TestMethodWorker.run(TestMethodWorker.java:111)
	at org.testng.TestRunner.privateRun(TestRunner.java:767)
	at org.testng.TestRunner.run(TestRunner.java:617)
	at org.testng.SuiteRunner.runTest(SuiteRunner.java:334)
	at org.testng.SuiteRunner.runSequentially(SuiteRunner.java:329)
	at org.testng.SuiteRunner.privateRun(SuiteRunner.java:291)
	at org.testng.SuiteRunner.run(SuiteRunner.java:240)
	at org.testng.SuiteRunnerWorker.runSuite(SuiteRunnerWorker.java:52)
	at org.testng.SuiteRunnerWorker.run(SuiteRunnerWorker.java:86)
	at org.testng.TestNG.runSuitesSequentially(TestNG.java:1224)
	at org.testng.TestNG.runSuitesLocally(TestNG.java:1149)
	at org.testng.TestNG.run(TestNG.java:1057)
	at org.testng.TestNG.privateMain(TestNG.java:1364)
	at org.testng.TestNG.main(TestNG.java:1333)
]]>
    </error>
  </testcase> <!-- l_TS_60_TC004CDrop -->
  <testcase name="c_TS_58_TC001PSearch" time="51.937" classname="src.crm.Management"/>
  <testcase name="b_TS_57_TC002expand" time="36.879" classname="src.crm.Management"/>
  <testcase name="s_TS_62_TC001Leads" time="101.781" classname="src.crm.Management"/>
  <testcase name="n_TS_60_TC006CTrackit" time="47.956" classname="src.crm.Management"/>
  <testcase name="j_TS_59_TC006LTrackit" time="45.501" classname="src.crm.Management"/>
  <testcase name="p_TS_61_TC004QDrop" time="50.643" classname="src.crm.Management">
    <error type="java.lang.AssertionError" message="page navigation failed to next page">
      <![CDATA[java.lang.AssertionError: page navigation failed to next page
	at org.testng.Assert.fail(Assert.java:94)
	at src.testUtils.Helper.pagination(Helper.java:523)
	at src.testUtils.Helper.pageEntries(Helper.java:484)
	at src.crm.Management.p_TS_61_TC004QDrop(Management.java:376)
	at sun.reflect.NativeMethodAccessorImpl.invoke0(Native Method)
	at sun.reflect.NativeMethodAccessorImpl.invoke(NativeMethodAccessorImpl.java:57)
	at sun.reflect.DelegatingMethodAccessorImpl.invoke(DelegatingMethodAccessorImpl.java:43)
	at java.lang.reflect.Method.invoke(Method.java:606)
	at org.testng.internal.MethodInvocationHelper.invokeMethod(MethodInvocationHelper.java:84)
	at org.testng.internal.Invoker.invokeMethod(Invoker.java:714)
	at org.testng.internal.Invoker.invokeTestMethod(Invoker.java:901)
	at org.testng.internal.Invoker.invokeTestMethods(Invoker.java:1231)
	at org.testng.internal.TestMethodWorker.invokeTestMethods(TestMethodWorker.java:127)
	at org.testng.internal.TestMethodWorker.run(TestMethodWorker.java:111)
	at org.testng.TestRunner.privateRun(TestRunner.java:767)
	at org.testng.TestRunner.run(TestRunner.java:617)
	at org.testng.SuiteRunner.runTest(SuiteRunner.java:334)
	at org.testng.SuiteRunner.runSequentially(SuiteRunner.java:329)
	at org.testng.SuiteRunner.privateRun(SuiteRunner.java:291)
	at org.testng.SuiteRunner.run(SuiteRunner.java:240)
	at org.testng.SuiteRunnerWorker.runSuite(SuiteRunnerWorker.java:52)
	at org.testng.SuiteRunnerWorker.run(SuiteRunnerWorker.java:86)
	at org.testng.TestNG.runSuitesSequentially(TestNG.java:1224)
	at org.testng.TestNG.runSuitesLocally(TestNG.java:1149)
	at org.testng.TestNG.run(TestNG.java:1057)
	at org.testng.TestNG.privateMain(TestNG.java:1364)
	at org.testng.TestNG.main(TestNG.java:1333)
]]>
    </error>
  </testcase> <!-- p_TS_61_TC004QDrop -->
</testsuite> <!-- src.crm.Management -->
